mode: set
go-training-restful/middlewares/jwtAuthMiddleware.go:10.46,17.2 6 0
go-training-restful/routes/routes.go:11.23,21.2 6 0
go-training-restful/config/config.go:13.15,32.14 5 1
go-training-restful/config/config.go:35.2,35.15 1 1
go-training-restful/config/config.go:32.14,33.11 1 0
go-training-restful/config/config.go:38.20,40.2 1 1
go-training-restful/middlewares/basicAuthMiddleware.go:10.73,13.102 3 0
go-training-restful/middlewares/basicAuthMiddleware.go:17.2,17.18 1 0
go-training-restful/middlewares/basicAuthMiddleware.go:13.102,15.3 1 0
go-training-restful/lib/database/user.go:9.38,12.53 2 1
go-training-restful/lib/database/user.go:16.2,16.19 1 1
go-training-restful/lib/database/user.go:12.53,14.3 1 0
go-training-restful/lib/database/user.go:19.40,21.2 1 0
go-training-restful/lib/database/user.go:23.57,26.114 2 0
go-training-restful/lib/database/user.go:30.2,31.16 2 0
go-training-restful/lib/database/user.go:35.2,35.51 1 0
go-training-restful/lib/database/user.go:39.2,39.18 1 0
go-training-restful/lib/database/user.go:26.114,28.3 1 0
go-training-restful/lib/database/user.go:31.16,33.3 1 0
go-training-restful/lib/database/user.go:35.51,37.3 1 0
go-training-restful/main.go:8.13,12.2 3 0
go-training-restful/controllers/userController.go:11.47,14.14 2 1
go-training-restful/controllers/userController.go:17.2,20.4 1 1
go-training-restful/controllers/userController.go:14.14,16.3 1 0
go-training-restful/controllers/userController.go:23.49,28.14 4 0
go-training-restful/controllers/userController.go:31.2,31.37 1 0
go-training-restful/controllers/userController.go:28.14,30.3 1 0
